{"total": {"lines":{"total":416,"covered":275,"skipped":0,"pct":66.1},"statements":{"total":434,"covered":282,"skipped":0,"pct":64.97},"functions":{"total":121,"covered":73,"skipped":0,"pct":60.33},"branches":{"total":163,"covered":86,"skipped":0,"pct":52.76},"branchesTrue":{"total":0,"covered":0,"skipped":0,"pct":100}}
,"/home/thalisson/trybe/projetos/sd-031-b-project-recipes-app/src/App.js": {"lines":{"total":1,"covered":1,"skipped":0,"pct":100},"functions":{"total":1,"covered":1,"skipped":0,"pct":100},"statements":{"total":1,"covered":1,"skipped":0,"pct":100},"branches":{"total":0,"covered":0,"skipped":0,"pct":100}}
,"/home/thalisson/trybe/projetos/sd-031-b-project-recipes-app/src/Pages/DoneRecipes.js": {"lines":{"total":16,"covered":1,"skipped":0,"pct":6.25},"functions":{"total":9,"covered":0,"skipped":0,"pct":0},"statements":{"total":17,"covered":1,"skipped":0,"pct":5.88},"branches":{"total":6,"covered":0,"skipped":0,"pct":0}}
,"/home/thalisson/trybe/projetos/sd-031-b-project-recipes-app/src/Pages/Drinks.js": {"lines":{"total":1,"covered":1,"skipped":0,"pct":100},"functions":{"total":1,"covered":1,"skipped":0,"pct":100},"statements":{"total":1,"covered":1,"skipped":0,"pct":100},"branches":{"total":0,"covered":0,"skipped":0,"pct":100}}
,"/home/thalisson/trybe/projetos/sd-031-b-project-recipes-app/src/Pages/FavoriteRecipes.js": {"lines":{"total":16,"covered":1,"skipped":0,"pct":6.25},"functions":{"total":9,"covered":0,"skipped":0,"pct":0},"statements":{"total":17,"covered":1,"skipped":0,"pct":5.88},"branches":{"total":6,"covered":0,"skipped":0,"pct":0}}
,"/home/thalisson/trybe/projetos/sd-031-b-project-recipes-app/src/Pages/Login.js": {"lines":{"total":12,"covered":12,"skipped":0,"pct":100},"functions":{"total":5,"covered":5,"skipped":0,"pct":100},"statements":{"total":12,"covered":12,"skipped":0,"pct":100},"branches":{"total":2,"covered":2,"skipped":0,"pct":100}}
,"/home/thalisson/trybe/projetos/sd-031-b-project-recipes-app/src/Pages/Meals.js": {"lines":{"total":1,"covered":1,"skipped":0,"pct":100},"functions":{"total":1,"covered":1,"skipped":0,"pct":100},"statements":{"total":1,"covered":1,"skipped":0,"pct":100},"branches":{"total":0,"covered":0,"skipped":0,"pct":100}}
,"/home/thalisson/trybe/projetos/sd-031-b-project-recipes-app/src/Pages/Profile.js": {"lines":{"total":8,"covered":8,"skipped":0,"pct":100},"functions":{"total":4,"covered":4,"skipped":0,"pct":100},"statements":{"total":8,"covered":8,"skipped":0,"pct":100},"branches":{"total":0,"covered":0,"skipped":0,"pct":100}}
,"/home/thalisson/trybe/projetos/sd-031-b-project-recipes-app/src/Pages/index.js": {"lines":{"total":0,"covered":0,"skipped":0,"pct":100},"functions":{"total":0,"covered":0,"skipped":0,"pct":100},"statements":{"total":0,"covered":0,"skipped":0,"pct":100},"branches":{"total":0,"covered":0,"skipped":0,"pct":100}}
,"/home/thalisson/trybe/projetos/sd-031-b-project-recipes-app/src/Services/RequisitionApi.js": {"lines":{"total":24,"covered":0,"skipped":0,"pct":0},"functions":{"total":3,"covered":0,"skipped":0,"pct":0},"statements":{"total":24,"covered":0,"skipped":0,"pct":0},"branches":{"total":2,"covered":0,"skipped":0,"pct":0}}
,"/home/thalisson/trybe/projetos/sd-031-b-project-recipes-app/src/components/Favorite-recipes.js": {"lines":{"total":1,"covered":0,"skipped":0,"pct":0},"functions":{"total":1,"covered":0,"skipped":0,"pct":0},"statements":{"total":1,"covered":0,"skipped":0,"pct":0},"branches":{"total":0,"covered":0,"skipped":0,"pct":100}}
,"/home/thalisson/trybe/projetos/sd-031-b-project-recipes-app/src/components/FavoriteButton.js": {"lines":{"total":63,"covered":27,"skipped":0,"pct":42.85},"functions":{"total":14,"covered":5,"skipped":0,"pct":35.71},"statements":{"total":69,"covered":27,"skipped":0,"pct":39.13},"branches":{"total":36,"covered":11,"skipped":0,"pct":30.55}}
,"/home/thalisson/trybe/projetos/sd-031-b-project-recipes-app/src/components/Footer.js": {"lines":{"total":1,"covered":1,"skipped":0,"pct":100},"functions":{"total":1,"covered":1,"skipped":0,"pct":100},"statements":{"total":1,"covered":1,"skipped":0,"pct":100},"branches":{"total":0,"covered":0,"skipped":0,"pct":100}}
,"/home/thalisson/trybe/projetos/sd-031-b-project-recipes-app/src/components/Header.js": {"lines":{"total":19,"covered":19,"skipped":0,"pct":100},"functions":{"total":4,"covered":4,"skipped":0,"pct":100},"statements":{"total":19,"covered":19,"skipped":0,"pct":100},"branches":{"total":10,"covered":10,"skipped":0,"pct":100}}
,"/home/thalisson/trybe/projetos/sd-031-b-project-recipes-app/src/components/RecipeDetails.js": {"lines":{"total":42,"covered":28,"skipped":0,"pct":66.66},"functions":{"total":14,"covered":8,"skipped":0,"pct":57.14},"statements":{"total":45,"covered":30,"skipped":0,"pct":66.66},"branches":{"total":16,"covered":8,"skipped":0,"pct":50}}
,"/home/thalisson/trybe/projetos/sd-031-b-project-recipes-app/src/components/RecipeInProgress.js": {"lines":{"total":44,"covered":24,"skipped":0,"pct":54.54},"functions":{"total":12,"covered":9,"skipped":0,"pct":75},"statements":{"total":49,"covered":27,"skipped":0,"pct":55.1},"branches":{"total":26,"covered":8,"skipped":0,"pct":30.76}}
,"/home/thalisson/trybe/projetos/sd-031-b-project-recipes-app/src/components/Recipes.js": {"lines":{"total":27,"covered":27,"skipped":0,"pct":100},"functions":{"total":8,"covered":8,"skipped":0,"pct":100},"statements":{"total":27,"covered":27,"skipped":0,"pct":100},"branches":{"total":14,"covered":14,"skipped":0,"pct":100}}
,"/home/thalisson/trybe/projetos/sd-031-b-project-recipes-app/src/components/Recommended.js": {"lines":{"total":16,"covered":12,"skipped":0,"pct":75},"functions":{"total":7,"covered":5,"skipped":0,"pct":71.42},"statements":{"total":17,"covered":13,"skipped":0,"pct":76.47},"branches":{"total":6,"covered":2,"skipped":0,"pct":33.33}}
,"/home/thalisson/trybe/projetos/sd-031-b-project-recipes-app/src/components/SearchBar.js": {"lines":{"total":52,"covered":52,"skipped":0,"pct":100},"functions":{"total":10,"covered":10,"skipped":0,"pct":100},"statements":{"total":52,"covered":52,"skipped":0,"pct":100},"branches":{"total":28,"covered":26,"skipped":0,"pct":92.85}}
,"/home/thalisson/trybe/projetos/sd-031-b-project-recipes-app/src/components/ShareButton.js": {"lines":{"total":7,"covered":4,"skipped":0,"pct":57.14},"functions":{"total":2,"covered":1,"skipped":0,"pct":50},"statements":{"total":7,"covered":4,"skipped":0,"pct":57.14},"branches":{"total":2,"covered":1,"skipped":0,"pct":50}}
,"/home/thalisson/trybe/projetos/sd-031-b-project-recipes-app/src/context/ContextApp.js": {"lines":{"total":1,"covered":1,"skipped":0,"pct":100},"functions":{"total":0,"covered":0,"skipped":0,"pct":100},"statements":{"total":1,"covered":1,"skipped":0,"pct":100},"branches":{"total":0,"covered":0,"skipped":0,"pct":100}}
,"/home/thalisson/trybe/projetos/sd-031-b-project-recipes-app/src/context/ContextProvider.js": {"lines":{"total":49,"covered":46,"skipped":0,"pct":93.87},"functions":{"total":9,"covered":8,"skipped":0,"pct":88.88},"statements":{"total":50,"covered":47,"skipped":0,"pct":94},"branches":{"total":4,"covered":3,"skipped":0,"pct":75}}
,"/home/thalisson/trybe/projetos/sd-031-b-project-recipes-app/src/helpers/localStorage.js": {"lines":{"total":6,"covered":3,"skipped":0,"pct":50},"functions":{"total":3,"covered":0,"skipped":0,"pct":0},"statements":{"total":6,"covered":3,"skipped":0,"pct":50},"branches":{"total":3,"covered":0,"skipped":0,"pct":0}}
,"/home/thalisson/trybe/projetos/sd-031-b-project-recipes-app/src/hook/useLocalStorage.js": {"lines":{"total":9,"covered":6,"skipped":0,"pct":66.66},"functions":{"total":3,"covered":2,"skipped":0,"pct":66.66},"statements":{"total":9,"covered":6,"skipped":0,"pct":66.66},"branches":{"total":2,"covered":1,"skipped":0,"pct":50}}
}
