{"/home/thalisson/trybe/projetos/sd-031-b-project-recipes-app/src/App.js": {"path":"/home/thalisson/trybe/projetos/sd-031-b-project-recipes-app/src/App.js","statementMap":{"0":{"start":{"line":15,"column":2},"end":{"line":28,"column":4}}},"fnMap":{"0":{"name":"App","decl":{"start":{"line":14,"column":9},"end":{"line":14,"column":12}},"loc":{"start":{"line":14,"column":15},"end":{"line":29,"column":1}},"line":14}},"branchMap":{},"s":{"0":7},"f":{"0":7},"b":{},"_coverageSchema":"1a1c01bbd47fc00a2c39e90264f33305004495a9","hash":"8b27e26c05676440799e99f248773e614cb7508e"}
,"/home/thalisson/trybe/projetos/sd-031-b-project-recipes-app/src/Pages/DoneRecipes.js": {"path":"/home/thalisson/trybe/projetos/sd-031-b-project-recipes-app/src/Pages/DoneRecipes.js","statementMap":{"0":{"start":{"line":5,"column":2},"end":{"line":11,"column":4}}},"fnMap":{"0":{"name":"DoneRecipes","decl":{"start":{"line":4,"column":24},"end":{"line":4,"column":35}},"loc":{"start":{"line":4,"column":38},"end":{"line":12,"column":1}},"line":4}},"branchMap":{},"s":{"0":0},"f":{"0":0},"b":{},"_coverageSchema":"1a1c01bbd47fc00a2c39e90264f33305004495a9","hash":"3c888ce58a4a6c1d1a63f90828c2f8bdbb8637b3"}
,"/home/thalisson/trybe/projetos/sd-031-b-project-recipes-app/src/Pages/Drinks.js": {"path":"/home/thalisson/trybe/projetos/sd-031-b-project-recipes-app/src/Pages/Drinks.js","statementMap":{"0":{"start":{"line":10,"column":2},"end":{"line":22,"column":4}}},"fnMap":{"0":{"name":"Drinks","decl":{"start":{"line":9,"column":9},"end":{"line":9,"column":15}},"loc":{"start":{"line":9,"column":18},"end":{"line":23,"column":1}},"line":9}},"branchMap":{},"s":{"0":1},"f":{"0":1},"b":{},"_coverageSchema":"1a1c01bbd47fc00a2c39e90264f33305004495a9","hash":"9ae80802010b9f5e55e7022dd2589910cbb889fd"}
,"/home/thalisson/trybe/projetos/sd-031-b-project-recipes-app/src/Pages/FavoriteRecipes.js": {"path":"/home/thalisson/trybe/projetos/sd-031-b-project-recipes-app/src/Pages/FavoriteRecipes.js","statementMap":{"0":{"start":{"line":5,"column":2},"end":{"line":11,"column":4}}},"fnMap":{"0":{"name":"FavoriteRecipes","decl":{"start":{"line":4,"column":24},"end":{"line":4,"column":39}},"loc":{"start":{"line":4,"column":42},"end":{"line":12,"column":1}},"line":4}},"branchMap":{},"s":{"0":0},"f":{"0":0},"b":{},"_coverageSchema":"1a1c01bbd47fc00a2c39e90264f33305004495a9","hash":"6347d0fcbd37d571ada53a0fe7947d40ddcca201"}
,"/home/thalisson/trybe/projetos/sd-031-b-project-recipes-app/src/Pages/Login.js": {"path":"/home/thalisson/trybe/projetos/sd-031-b-project-recipes-app/src/Pages/Login.js","statementMap":{"0":{"start":{"line":6,"column":28},"end":{"line":6,"column":40}},"1":{"start":{"line":7,"column":34},"end":{"line":7,"column":46}},"2":{"start":{"line":8,"column":38},"end":{"line":8,"column":52}},"3":{"start":{"line":9,"column":2},"end":{"line":11,"column":24}},"4":{"start":{"line":10,"column":4},"end":{"line":10,"column":77}},"5":{"start":{"line":13,"column":18},"end":{"line":13,"column":30}},"6":{"start":{"line":14,"column":19},"end":{"line":17,"column":3}},"7":{"start":{"line":15,"column":4},"end":{"line":15,"column":60}},"8":{"start":{"line":16,"column":4},"end":{"line":16,"column":27}},"9":{"start":{"line":19,"column":2},"end":{"line":46,"column":4}},"10":{"start":{"line":26,"column":26},"end":{"line":26,"column":50}},"11":{"start":{"line":33,"column":26},"end":{"line":33,"column":53}}},"fnMap":{"0":{"name":"Login","decl":{"start":{"line":5,"column":9},"end":{"line":5,"column":14}},"loc":{"start":{"line":5,"column":17},"end":{"line":47,"column":1}},"line":5},"1":{"name":"(anonymous_1)","decl":{"start":{"line":9,"column":12},"end":{"line":9,"column":13}},"loc":{"start":{"line":9,"column":18},"end":{"line":11,"column":3}},"line":9},"2":{"name":"(anonymous_2)","decl":{"start":{"line":14,"column":19},"end":{"line":14,"column":20}},"loc":{"start":{"line":14,"column":25},"end":{"line":17,"column":3}},"line":14},"3":{"name":"(anonymous_3)","decl":{"start":{"line":26,"column":19},"end":{"line":26,"column":20}},"loc":{"start":{"line":26,"column":26},"end":{"line":26,"column":50}},"line":26},"4":{"name":"(anonymous_4)","decl":{"start":{"line":33,"column":19},"end":{"line":33,"column":20}},"loc":{"start":{"line":33,"column":26},"end":{"line":33,"column":53}},"line":33}},"branchMap":{"0":{"loc":{"start":{"line":10,"column":18},"end":{"line":10,"column":75}},"type":"binary-expr","locations":[{"start":{"line":10,"column":18},"end":{"line":10,"column":42}},{"start":{"line":10,"column":46},"end":{"line":10,"column":75}}],"line":10}},"s":{"0":0,"1":0,"2":0,"3":0,"4":0,"5":0,"6":0,"7":0,"8":0,"9":0,"10":0,"11":0},"f":{"0":0,"1":0,"2":0,"3":0,"4":0},"b":{"0":[0,0]},"_coverageSchema":"1a1c01bbd47fc00a2c39e90264f33305004495a9","hash":"6491b2a187612c9c60a73a019d2004b632a95908"}
,"/home/thalisson/trybe/projetos/sd-031-b-project-recipes-app/src/Pages/Meals.js": {"path":"/home/thalisson/trybe/projetos/sd-031-b-project-recipes-app/src/Pages/Meals.js","statementMap":{"0":{"start":{"line":8,"column":2},"end":{"line":17,"column":4}}},"fnMap":{"0":{"name":"Meals","decl":{"start":{"line":7,"column":24},"end":{"line":7,"column":29}},"loc":{"start":{"line":7,"column":32},"end":{"line":18,"column":1}},"line":7}},"branchMap":{},"s":{"0":4},"f":{"0":4},"b":{},"_coverageSchema":"1a1c01bbd47fc00a2c39e90264f33305004495a9","hash":"5d693050b47afafca81e597cf63c4cbf43639515"}
,"/home/thalisson/trybe/projetos/sd-031-b-project-recipes-app/src/Pages/Profile.js": {"path":"/home/thalisson/trybe/projetos/sd-031-b-project-recipes-app/src/Pages/Profile.js","statementMap":{"0":{"start":{"line":5,"column":2},"end":{"line":11,"column":4}}},"fnMap":{"0":{"name":"Profile","decl":{"start":{"line":4,"column":9},"end":{"line":4,"column":16}},"loc":{"start":{"line":4,"column":19},"end":{"line":12,"column":1}},"line":4}},"branchMap":{},"s":{"0":0},"f":{"0":0},"b":{},"_coverageSchema":"1a1c01bbd47fc00a2c39e90264f33305004495a9","hash":"0d54127a0121ed2ef6c76acbd92aa29148a28f95"}
,"/home/thalisson/trybe/projetos/sd-031-b-project-recipes-app/src/Pages/index.js": {"path":"/home/thalisson/trybe/projetos/sd-031-b-project-recipes-app/src/Pages/index.js","statementMap":{},"fnMap":{},"branchMap":{},"s":{},"f":{},"b":{},"_coverageSchema":"1a1c01bbd47fc00a2c39e90264f33305004495a9","hash":"bf10c4bde40af5d9df7e32ff5772d080fe56d21f"}
,"/home/thalisson/trybe/projetos/sd-031-b-project-recipes-app/src/Services/RequisitionApi.js": {"path":"/home/thalisson/trybe/projetos/sd-031-b-project-recipes-app/src/Services/RequisitionApi.js","statementMap":{"0":{"start":{"line":2,"column":14},"end":{"line":2,"column":82}},"1":{"start":{"line":4,"column":2},"end":{"line":12,"column":3}},"2":{"start":{"line":5,"column":21},"end":{"line":5,"column":37}},"3":{"start":{"line":6,"column":17},"end":{"line":6,"column":38}},"4":{"start":{"line":8,"column":4},"end":{"line":8,"column":16}},"5":{"start":{"line":10,"column":4},"end":{"line":10,"column":64}},"6":{"start":{"line":11,"column":4},"end":{"line":11,"column":16}},"7":{"start":{"line":16,"column":14},"end":{"line":16,"column":76}},"8":{"start":{"line":18,"column":2},"end":{"line":26,"column":3}},"9":{"start":{"line":19,"column":21},"end":{"line":19,"column":37}},"10":{"start":{"line":20,"column":17},"end":{"line":20,"column":38}},"11":{"start":{"line":22,"column":4},"end":{"line":22,"column":16}},"12":{"start":{"line":24,"column":4},"end":{"line":24,"column":57}},"13":{"start":{"line":25,"column":4},"end":{"line":25,"column":16}},"14":{"start":{"line":30,"column":2},"end":{"line":33,"column":3}},"15":{"start":{"line":31,"column":4},"end":{"line":31,"column":65}},"16":{"start":{"line":32,"column":4},"end":{"line":32,"column":11}},"17":{"start":{"line":35,"column":14},"end":{"line":35,"column":78}},"18":{"start":{"line":37,"column":2},"end":{"line":45,"column":3}},"19":{"start":{"line":38,"column":21},"end":{"line":38,"column":37}},"20":{"start":{"line":39,"column":17},"end":{"line":39,"column":38}},"21":{"start":{"line":41,"column":4},"end":{"line":41,"column":16}},"22":{"start":{"line":43,"column":4},"end":{"line":43,"column":68}},"23":{"start":{"line":44,"column":4},"end":{"line":44,"column":16}}},"fnMap":{"0":{"name":"fetchByIngredient","decl":{"start":{"line":1,"column":22},"end":{"line":1,"column":39}},"loc":{"start":{"line":1,"column":52},"end":{"line":13,"column":1}},"line":1},"1":{"name":"fetchByName","decl":{"start":{"line":15,"column":22},"end":{"line":15,"column":33}},"loc":{"start":{"line":15,"column":40},"end":{"line":27,"column":1}},"line":15},"2":{"name":"fetchByFirstLetter","decl":{"start":{"line":29,"column":22},"end":{"line":29,"column":40}},"loc":{"start":{"line":29,"column":49},"end":{"line":46,"column":1}},"line":29}},"branchMap":{"0":{"loc":{"start":{"line":30,"column":2},"end":{"line":33,"column":3}},"type":"if","locations":[{"start":{"line":30,"column":2},"end":{"line":33,"column":3}},{"start":{},"end":{}}],"line":30}},"s":{"0":0,"1":0,"2":0,"3":0,"4":0,"5":0,"6":0,"7":0,"8":0,"9":0,"10":0,"11":0,"12":0,"13":0,"14":0,"15":0,"16":0,"17":0,"18":0,"19":0,"20":0,"21":0,"22":0,"23":0},"f":{"0":0,"1":0,"2":0},"b":{"0":[0,0]}}
,"/home/thalisson/trybe/projetos/sd-031-b-project-recipes-app/src/components/Favorite-recipes.js": {"path":"/home/thalisson/trybe/projetos/sd-031-b-project-recipes-app/src/components/Favorite-recipes.js","statementMap":{"0":{"start":{"line":5,"column":2},"end":{"line":10,"column":4}}},"fnMap":{"0":{"name":"FavoriteRecipes","decl":{"start":{"line":4,"column":24},"end":{"line":4,"column":39}},"loc":{"start":{"line":4,"column":42},"end":{"line":11,"column":1}},"line":4}},"branchMap":{},"s":{"0":0},"f":{"0":0},"b":{}}
,"/home/thalisson/trybe/projetos/sd-031-b-project-recipes-app/src/components/Footer.js": {"path":"/home/thalisson/trybe/projetos/sd-031-b-project-recipes-app/src/components/Footer.js","statementMap":{"0":{"start":{"line":6,"column":2},"end":{"line":15,"column":4}}},"fnMap":{"0":{"name":"Footer","decl":{"start":{"line":5,"column":9},"end":{"line":5,"column":15}},"loc":{"start":{"line":5,"column":18},"end":{"line":16,"column":1}},"line":5}},"branchMap":{},"s":{"0":4},"f":{"0":4},"b":{},"_coverageSchema":"1a1c01bbd47fc00a2c39e90264f33305004495a9","hash":"da557e2a2a60d9eb72710913ad7abf4845f6a553"}
,"/home/thalisson/trybe/projetos/sd-031-b-project-recipes-app/src/components/Header.js": {"path":"/home/thalisson/trybe/projetos/sd-031-b-project-recipes-app/src/components/Header.js","statementMap":{"0":{"start":{"line":8,"column":19},"end":{"line":8,"column":32}},"1":{"start":{"line":9,"column":18},"end":{"line":9,"column":30}},"2":{"start":{"line":11,"column":44},"end":{"line":11,"column":59}},"3":{"start":{"line":13,"column":24},"end":{"line":15,"column":3}},"4":{"start":{"line":14,"column":4},"end":{"line":14,"column":29}},"5":{"start":{"line":17,"column":23},"end":{"line":34,"column":3}},"6":{"start":{"line":18,"column":25},"end":{"line":18,"column":33}},"7":{"start":{"line":19,"column":4},"end":{"line":19,"column":26}},"8":{"start":{"line":20,"column":4},"end":{"line":33,"column":5}},"9":{"start":{"line":22,"column":6},"end":{"line":22,"column":21}},"10":{"start":{"line":24,"column":6},"end":{"line":24,"column":22}},"11":{"start":{"line":26,"column":6},"end":{"line":26,"column":23}},"12":{"start":{"line":28,"column":6},"end":{"line":28,"column":28}},"13":{"start":{"line":30,"column":6},"end":{"line":30,"column":32}},"14":{"start":{"line":32,"column":6},"end":{"line":32,"column":16}},"15":{"start":{"line":36,"column":23},"end":{"line":38,"column":3}},"16":{"start":{"line":37,"column":4},"end":{"line":37,"column":37}},"17":{"start":{"line":40,"column":25},"end":{"line":42,"column":3}},"18":{"start":{"line":44,"column":2},"end":{"line":73,"column":4}}},"fnMap":{"0":{"name":"Header","decl":{"start":{"line":7,"column":24},"end":{"line":7,"column":30}},"loc":{"start":{"line":7,"column":33},"end":{"line":74,"column":1}},"line":7},"1":{"name":"(anonymous_1)","decl":{"start":{"line":13,"column":24},"end":{"line":13,"column":25}},"loc":{"start":{"line":13,"column":30},"end":{"line":15,"column":3}},"line":13},"2":{"name":"(anonymous_2)","decl":{"start":{"line":17,"column":23},"end":{"line":17,"column":24}},"loc":{"start":{"line":17,"column":29},"end":{"line":34,"column":3}},"line":17},"3":{"name":"(anonymous_3)","decl":{"start":{"line":36,"column":23},"end":{"line":36,"column":24}},"loc":{"start":{"line":36,"column":29},"end":{"line":38,"column":3}},"line":36}},"branchMap":{"0":{"loc":{"start":{"line":20,"column":4},"end":{"line":33,"column":5}},"type":"switch","locations":[{"start":{"line":21,"column":4},"end":{"line":22,"column":21}},{"start":{"line":23,"column":4},"end":{"line":24,"column":22}},{"start":{"line":25,"column":4},"end":{"line":26,"column":23}},{"start":{"line":27,"column":4},"end":{"line":28,"column":28}},{"start":{"line":29,"column":4},"end":{"line":30,"column":32}},{"start":{"line":31,"column":4},"end":{"line":32,"column":16}}],"line":20},"1":{"loc":{"start":{"line":52,"column":7},"end":{"line":63,"column":7}},"type":"binary-expr","locations":[{"start":{"line":52,"column":7},"end":{"line":52,"column":21}},{"start":{"line":53,"column":8},"end":{"line":62,"column":14}}],"line":52},"2":{"loc":{"start":{"line":65,"column":7},"end":{"line":67,"column":7}},"type":"binary-expr","locations":[{"start":{"line":65,"column":7},"end":{"line":65,"column":20}},{"start":{"line":66,"column":8},"end":{"line":66,"column":21}}],"line":65}},"s":{"0":20,"1":15,"2":15,"3":15,"4":2,"5":15,"6":15,"7":15,"8":15,"9":4,"10":3,"11":2,"12":1,"13":0,"14":5,"15":15,"16":3,"17":15,"18":15},"f":{"0":20,"1":2,"2":15,"3":3},"b":{"0":[4,3,2,1,0,5],"1":[15,12],"2":[15,3]},"_coverageSchema":"1a1c01bbd47fc00a2c39e90264f33305004495a9","hash":"240e92d73b4e7d26e6ae91f0b403a4623ceb251e"}
,"/home/thalisson/trybe/projetos/sd-031-b-project-recipes-app/src/components/RecipeDetails.js": {"path":"/home/thalisson/trybe/projetos/sd-031-b-project-recipes-app/src/components/RecipeDetails.js","statementMap":{"0":{"start":{"line":6,"column":17},"end":{"line":6,"column":28}},"1":{"start":{"line":7,"column":28},"end":{"line":7,"column":47}},"2":{"start":{"line":8,"column":18},"end":{"line":8,"column":30}},"3":{"start":{"line":10,"column":20},"end":{"line":10,"column":45}},"4":{"start":{"line":11,"column":2},"end":{"line":26,"column":22}},"5":{"start":{"line":12,"column":24},"end":{"line":24,"column":5}},"6":{"start":{"line":14,"column":6},"end":{"line":18,"column":7}},"7":{"start":{"line":15,"column":8},"end":{"line":15,"column":75}},"8":{"start":{"line":17,"column":8},"end":{"line":17,"column":79}},"9":{"start":{"line":19,"column":6},"end":{"line":23,"column":11}},"10":{"start":{"line":20,"column":28},"end":{"line":20,"column":43}},"11":{"start":{"line":22,"column":10},"end":{"line":22,"column":25}},"12":{"start":{"line":25,"column":4},"end":{"line":25,"column":18}},"13":{"start":{"line":27,"column":2},"end":{"line":27,"column":54}},"14":{"start":{"line":27,"column":27},"end":{"line":27,"column":54}},"15":{"start":{"line":32,"column":2},"end":{"line":42,"column":3}},"16":{"start":{"line":33,"column":4},"end":{"line":33,"column":53}},"17":{"start":{"line":34,"column":4},"end":{"line":35,"column":61}},"18":{"start":{"line":35,"column":25},"end":{"line":35,"column":59}},"19":{"start":{"line":36,"column":4},"end":{"line":36,"column":69}},"20":{"start":{"line":36,"column":52},"end":{"line":36,"column":67}},"21":{"start":{"line":38,"column":4},"end":{"line":38,"column":54}},"22":{"start":{"line":39,"column":4},"end":{"line":40,"column":61}},"23":{"start":{"line":40,"column":25},"end":{"line":40,"column":59}},"24":{"start":{"line":41,"column":4},"end":{"line":41,"column":71}},"25":{"start":{"line":41,"column":52},"end":{"line":41,"column":69}},"26":{"start":{"line":43,"column":28},"end":{"line":45,"column":3}},"27":{"start":{"line":44,"column":4},"end":{"line":44,"column":45}},"28":{"start":{"line":46,"column":2},"end":{"line":103,"column":4}},"29":{"start":{"line":61,"column":14},"end":{"line":63,"column":19}},"30":{"start":{"line":86,"column":14},"end":{"line":88,"column":19}}},"fnMap":{"0":{"name":"RecipeDetails","decl":{"start":{"line":5,"column":24},"end":{"line":5,"column":37}},"loc":{"start":{"line":5,"column":40},"end":{"line":104,"column":1}},"line":5},"1":{"name":"(anonymous_1)","decl":{"start":{"line":11,"column":12},"end":{"line":11,"column":13}},"loc":{"start":{"line":11,"column":18},"end":{"line":26,"column":3}},"line":11},"2":{"name":"(anonymous_2)","decl":{"start":{"line":12,"column":24},"end":{"line":12,"column":25}},"loc":{"start":{"line":12,"column":30},"end":{"line":24,"column":5}},"line":12},"3":{"name":"(anonymous_3)","decl":{"start":{"line":20,"column":14},"end":{"line":20,"column":15}},"loc":{"start":{"line":20,"column":28},"end":{"line":20,"column":43}},"line":20},"4":{"name":"(anonymous_4)","decl":{"start":{"line":21,"column":14},"end":{"line":21,"column":15}},"loc":{"start":{"line":21,"column":24},"end":{"line":23,"column":9}},"line":21},"5":{"name":"(anonymous_5)","decl":{"start":{"line":35,"column":14},"end":{"line":35,"column":15}},"loc":{"start":{"line":35,"column":25},"end":{"line":35,"column":59}},"line":35},"6":{"name":"(anonymous_6)","decl":{"start":{"line":36,"column":41},"end":{"line":36,"column":42}},"loc":{"start":{"line":36,"column":52},"end":{"line":36,"column":67}},"line":36},"7":{"name":"(anonymous_7)","decl":{"start":{"line":40,"column":14},"end":{"line":40,"column":15}},"loc":{"start":{"line":40,"column":25},"end":{"line":40,"column":59}},"line":40},"8":{"name":"(anonymous_8)","decl":{"start":{"line":41,"column":41},"end":{"line":41,"column":42}},"loc":{"start":{"line":41,"column":52},"end":{"line":41,"column":69}},"line":41},"9":{"name":"(anonymous_9)","decl":{"start":{"line":43,"column":28},"end":{"line":43,"column":29}},"loc":{"start":{"line":43,"column":34},"end":{"line":45,"column":3}},"line":43},"10":{"name":"(anonymous_10)","decl":{"start":{"line":60,"column":29},"end":{"line":60,"column":30}},"loc":{"start":{"line":61,"column":14},"end":{"line":63,"column":19}},"line":61},"11":{"name":"(anonymous_11)","decl":{"start":{"line":85,"column":29},"end":{"line":85,"column":30}},"loc":{"start":{"line":86,"column":14},"end":{"line":88,"column":19}},"line":86}},"branchMap":{"0":{"loc":{"start":{"line":14,"column":6},"end":{"line":18,"column":7}},"type":"if","locations":[{"start":{"line":14,"column":6},"end":{"line":18,"column":7}},{"start":{"line":16,"column":13},"end":{"line":18,"column":7}}],"line":14},"1":{"loc":{"start":{"line":27,"column":2},"end":{"line":27,"column":54}},"type":"if","locations":[{"start":{"line":27,"column":2},"end":{"line":27,"column":54}},{"start":{},"end":{}}],"line":27},"2":{"loc":{"start":{"line":32,"column":2},"end":{"line":42,"column":3}},"type":"if","locations":[{"start":{"line":32,"column":2},"end":{"line":42,"column":3}},{"start":{"line":37,"column":9},"end":{"line":42,"column":3}}],"line":32},"3":{"loc":{"start":{"line":49,"column":7},"end":{"line":97,"column":7}},"type":"cond-expr","locations":[{"start":{"line":50,"column":8},"end":{"line":73,"column":14}},{"start":{"line":75,"column":8},"end":{"line":95,"column":14}}],"line":49}},"s":{"0":0,"1":0,"2":0,"3":0,"4":0,"5":0,"6":0,"7":0,"8":0,"9":0,"10":0,"11":0,"12":0,"13":0,"14":0,"15":0,"16":0,"17":0,"18":0,"19":0,"20":0,"21":0,"22":0,"23":0,"24":0,"25":0,"26":0,"27":0,"28":0,"29":0,"30":0},"f":{"0":0,"1":0,"2":0,"3":0,"4":0,"5":0,"6":0,"7":0,"8":0,"9":0,"10":0,"11":0},"b":{"0":[0,0],"1":[0,0],"2":[0,0],"3":[0,0]},"_coverageSchema":"1a1c01bbd47fc00a2c39e90264f33305004495a9","hash":"72d2da4bde594d4f2b9fc6d4831b5a4309e78511"}
,"/home/thalisson/trybe/projetos/sd-031-b-project-recipes-app/src/components/RecipeInProgress.js": {"path":"/home/thalisson/trybe/projetos/sd-031-b-project-recipes-app/src/components/RecipeInProgress.js","statementMap":{"0":{"start":{"line":4,"column":2},"end":{"line":6,"column":4}}},"fnMap":{"0":{"name":"RecipeInProgress","decl":{"start":{"line":3,"column":24},"end":{"line":3,"column":40}},"loc":{"start":{"line":3,"column":43},"end":{"line":7,"column":1}},"line":3}},"branchMap":{},"s":{"0":0},"f":{"0":0},"b":{}}
,"/home/thalisson/trybe/projetos/sd-031-b-project-recipes-app/src/components/Recipes.js": {"path":"/home/thalisson/trybe/projetos/sd-031-b-project-recipes-app/src/components/Recipes.js","statementMap":{"0":{"start":{"line":12,"column":6},"end":{"line":12,"column":28}},"1":{"start":{"line":13,"column":50},"end":{"line":13,"column":64}},"2":{"start":{"line":14,"column":18},"end":{"line":14,"column":51}},"3":{"start":{"line":15,"column":21},"end":{"line":15,"column":72}},"4":{"start":{"line":17,"column":31},"end":{"line":20,"column":3}},"5":{"start":{"line":18,"column":4},"end":{"line":18,"column":38}},"6":{"start":{"line":19,"column":4},"end":{"line":19,"column":48}},"7":{"start":{"line":22,"column":2},"end":{"line":63,"column":4}},"8":{"start":{"line":25,"column":29},"end":{"line":25,"column":49}},"9":{"start":{"line":27,"column":8},"end":{"line":35,"column":10}},"10":{"start":{"line":31,"column":28},"end":{"line":31,"column":62}},"11":{"start":{"line":39,"column":28},"end":{"line":39,"column":88}},"12":{"start":{"line":41,"column":30},"end":{"line":43,"column":34}},"13":{"start":{"line":44,"column":29},"end":{"line":44,"column":80}},"14":{"start":{"line":45,"column":27},"end":{"line":45,"column":76}},"15":{"start":{"line":46,"column":27},"end":{"line":48,"column":22}},"16":{"start":{"line":49,"column":10},"end":{"line":60,"column":12}},"17":{"start":{"line":66,"column":0},"end":{"line":68,"column":2}}},"fnMap":{"0":{"name":"Recipe","decl":{"start":{"line":5,"column":9},"end":{"line":5,"column":15}},"loc":{"start":{"line":5,"column":26},"end":{"line":64,"column":1}},"line":5},"1":{"name":"(anonymous_1)","decl":{"start":{"line":17,"column":31},"end":{"line":17,"column":32}},"loc":{"start":{"line":17,"column":49},"end":{"line":20,"column":3}},"line":17},"2":{"name":"(anonymous_2)","decl":{"start":{"line":24,"column":22},"end":{"line":24,"column":23}},"loc":{"start":{"line":24,"column":43},"end":{"line":36,"column":7}},"line":24},"3":{"name":"(anonymous_3)","decl":{"start":{"line":31,"column":22},"end":{"line":31,"column":23}},"loc":{"start":{"line":31,"column":28},"end":{"line":31,"column":62}},"line":31},"4":{"name":"(anonymous_4)","decl":{"start":{"line":39,"column":16},"end":{"line":39,"column":17}},"loc":{"start":{"line":39,"column":28},"end":{"line":39,"column":88}},"line":39},"5":{"name":"(anonymous_5)","decl":{"start":{"line":40,"column":13},"end":{"line":40,"column":14}},"loc":{"start":{"line":40,"column":32},"end":{"line":61,"column":9}},"line":40}},"branchMap":{"0":{"loc":{"start":{"line":14,"column":18},"end":{"line":14,"column":51}},"type":"cond-expr","locations":[{"start":{"line":14,"column":37},"end":{"line":14,"column":42}},{"start":{"line":14,"column":45},"end":{"line":14,"column":51}}],"line":14},"1":{"loc":{"start":{"line":15,"column":21},"end":{"line":15,"column":72}},"type":"cond-expr","locations":[{"start":{"line":15,"column":40},"end":{"line":15,"column":54}},{"start":{"line":15,"column":57},"end":{"line":15,"column":72}}],"line":15},"2":{"loc":{"start":{"line":39,"column":28},"end":{"line":39,"column":88}},"type":"binary-expr","locations":[{"start":{"line":39,"column":28},"end":{"line":39,"column":45}},{"start":{"line":39,"column":49},"end":{"line":39,"column":88}}],"line":39},"3":{"loc":{"start":{"line":41,"column":30},"end":{"line":43,"column":34}},"type":"cond-expr","locations":[{"start":{"line":42,"column":14},"end":{"line":42,"column":33}},{"start":{"line":43,"column":14},"end":{"line":43,"column":34}}],"line":41},"4":{"loc":{"start":{"line":44,"column":29},"end":{"line":44,"column":80}},"type":"cond-expr","locations":[{"start":{"line":44,"column":48},"end":{"line":44,"column":62}},{"start":{"line":44,"column":65},"end":{"line":44,"column":80}}],"line":44},"5":{"loc":{"start":{"line":45,"column":27},"end":{"line":45,"column":76}},"type":"cond-expr","locations":[{"start":{"line":45,"column":46},"end":{"line":45,"column":59}},{"start":{"line":45,"column":62},"end":{"line":45,"column":76}}],"line":45},"6":{"loc":{"start":{"line":46,"column":27},"end":{"line":48,"column":22}},"type":"cond-expr","locations":[{"start":{"line":47,"column":14},"end":{"line":47,"column":21}},{"start":{"line":48,"column":14},"end":{"line":48,"column":22}}],"line":46}},"s":{"0":6,"1":6,"2":6,"3":6,"4":6,"5":0,"6":0,"7":6,"8":10,"9":10,"10":0,"11":0,"12":0,"13":0,"14":0,"15":0,"16":0,"17":3},"f":{"0":6,"1":0,"2":10,"3":0,"4":0,"5":0},"b":{"0":[5,1],"1":[5,1],"2":[0,0],"3":[0,0],"4":[0,0],"5":[0,0],"6":[0,0]},"_coverageSchema":"1a1c01bbd47fc00a2c39e90264f33305004495a9","hash":"c2cd0218b058dfe77c7c2bf7f932789277d7e9d4"}
,"/home/thalisson/trybe/projetos/sd-031-b-project-recipes-app/src/components/Recommended.js": {"path":"/home/thalisson/trybe/projetos/sd-031-b-project-recipes-app/src/components/Recommended.js","statementMap":{"0":{"start":{"line":7,"column":18},"end":{"line":7,"column":30}},"1":{"start":{"line":8,"column":28},"end":{"line":8,"column":47}},"2":{"start":{"line":9,"column":20},"end":{"line":9,"column":45}},"3":{"start":{"line":11,"column":2},"end":{"line":27,"column":27}},"4":{"start":{"line":12,"column":23},"end":{"line":24,"column":5}},"5":{"start":{"line":14,"column":6},"end":{"line":18,"column":7}},"6":{"start":{"line":15,"column":8},"end":{"line":15,"column":74}},"7":{"start":{"line":17,"column":8},"end":{"line":17,"column":70}},"8":{"start":{"line":19,"column":6},"end":{"line":23,"column":11}},"9":{"start":{"line":20,"column":28},"end":{"line":20,"column":43}},"10":{"start":{"line":22,"column":10},"end":{"line":22,"column":25}},"11":{"start":{"line":26,"column":4},"end":{"line":26,"column":17}},"12":{"start":{"line":29,"column":2},"end":{"line":29,"column":54}},"13":{"start":{"line":29,"column":27},"end":{"line":29,"column":54}},"14":{"start":{"line":31,"column":2},"end":{"line":59,"column":4}},"15":{"start":{"line":37,"column":12},"end":{"line":42,"column":28}},"16":{"start":{"line":48,"column":12},"end":{"line":53,"column":28}}},"fnMap":{"0":{"name":"Recommended","decl":{"start":{"line":6,"column":9},"end":{"line":6,"column":20}},"loc":{"start":{"line":6,"column":23},"end":{"line":60,"column":1}},"line":6},"1":{"name":"(anonymous_1)","decl":{"start":{"line":11,"column":12},"end":{"line":11,"column":13}},"loc":{"start":{"line":11,"column":18},"end":{"line":27,"column":3}},"line":11},"2":{"name":"(anonymous_2)","decl":{"start":{"line":12,"column":23},"end":{"line":12,"column":24}},"loc":{"start":{"line":12,"column":29},"end":{"line":24,"column":5}},"line":12},"3":{"name":"(anonymous_3)","decl":{"start":{"line":20,"column":14},"end":{"line":20,"column":15}},"loc":{"start":{"line":20,"column":28},"end":{"line":20,"column":43}},"line":20},"4":{"name":"(anonymous_4)","decl":{"start":{"line":21,"column":14},"end":{"line":21,"column":15}},"loc":{"start":{"line":21,"column":24},"end":{"line":23,"column":9}},"line":21},"5":{"name":"(anonymous_5)","decl":{"start":{"line":36,"column":50},"end":{"line":36,"column":51}},"loc":{"start":{"line":37,"column":12},"end":{"line":42,"column":28}},"line":37},"6":{"name":"(anonymous_6)","decl":{"start":{"line":47,"column":49},"end":{"line":47,"column":50}},"loc":{"start":{"line":48,"column":12},"end":{"line":53,"column":28}},"line":48}},"branchMap":{"0":{"loc":{"start":{"line":14,"column":6},"end":{"line":18,"column":7}},"type":"if","locations":[{"start":{"line":14,"column":6},"end":{"line":18,"column":7}},{"start":{"line":16,"column":13},"end":{"line":18,"column":7}}],"line":14},"1":{"loc":{"start":{"line":29,"column":2},"end":{"line":29,"column":54}},"type":"if","locations":[{"start":{"line":29,"column":2},"end":{"line":29,"column":54}},{"start":{},"end":{}}],"line":29},"2":{"loc":{"start":{"line":34,"column":7},"end":{"line":56,"column":7}},"type":"cond-expr","locations":[{"start":{"line":35,"column":8},"end":{"line":44,"column":19}},{"start":{"line":46,"column":8},"end":{"line":55,"column":19}}],"line":34}},"s":{"0":0,"1":0,"2":0,"3":0,"4":0,"5":0,"6":0,"7":0,"8":0,"9":0,"10":0,"11":0,"12":0,"13":0,"14":0,"15":0,"16":0},"f":{"0":0,"1":0,"2":0,"3":0,"4":0,"5":0,"6":0},"b":{"0":[0,0],"1":[0,0],"2":[0,0]},"_coverageSchema":"1a1c01bbd47fc00a2c39e90264f33305004495a9","hash":"a2f2731975593859352771cd9cabb98aa194e663"}
,"/home/thalisson/trybe/projetos/sd-031-b-project-recipes-app/src/components/SearchBar.js": {"path":"/home/thalisson/trybe/projetos/sd-031-b-project-recipes-app/src/components/SearchBar.js","statementMap":{"0":{"start":{"line":6,"column":34},"end":{"line":6,"column":56}},"1":{"start":{"line":7,"column":18},"end":{"line":7,"column":30}},"2":{"start":{"line":8,"column":20},"end":{"line":8,"column":45}},"3":{"start":{"line":9,"column":40},"end":{"line":9,"column":52}},"4":{"start":{"line":10,"column":40},"end":{"line":10,"column":52}},"5":{"start":{"line":13,"column":28},"end":{"line":16,"column":3}},"6":{"start":{"line":14,"column":26},"end":{"line":14,"column":38}},"7":{"start":{"line":15,"column":4},"end":{"line":15,"column":34}},"8":{"start":{"line":18,"column":28},"end":{"line":20,"column":3}},"9":{"start":{"line":19,"column":4},"end":{"line":19,"column":33}},"10":{"start":{"line":22,"column":22},"end":{"line":22,"column":36}},"11":{"start":{"line":23,"column":21},"end":{"line":49,"column":3}},"12":{"start":{"line":24,"column":14},"end":{"line":24,"column":16}},"13":{"start":{"line":25,"column":4},"end":{"line":31,"column":5}},"14":{"start":{"line":26,"column":6},"end":{"line":26,"column":82}},"15":{"start":{"line":27,"column":11},"end":{"line":31,"column":5}},"16":{"start":{"line":28,"column":6},"end":{"line":28,"column":82}},"17":{"start":{"line":29,"column":11},"end":{"line":31,"column":5}},"18":{"start":{"line":30,"column":6},"end":{"line":30,"column":82}},"19":{"start":{"line":32,"column":4},"end":{"line":48,"column":9}},"20":{"start":{"line":33,"column":26},"end":{"line":33,"column":41}},"21":{"start":{"line":35,"column":8},"end":{"line":44,"column":9}},"22":{"start":{"line":36,"column":10},"end":{"line":36,"column":31}},"23":{"start":{"line":38,"column":10},"end":{"line":41,"column":11}},"24":{"start":{"line":39,"column":27},"end":{"line":39,"column":47}},"25":{"start":{"line":40,"column":12},"end":{"line":40,"column":45}},"26":{"start":{"line":43,"column":10},"end":{"line":43,"column":82}},"27":{"start":{"line":47,"column":8},"end":{"line":47,"column":39}},"28":{"start":{"line":51,"column":22},"end":{"line":77,"column":3}},"29":{"start":{"line":52,"column":14},"end":{"line":52,"column":16}},"30":{"start":{"line":53,"column":4},"end":{"line":59,"column":5}},"31":{"start":{"line":54,"column":6},"end":{"line":54,"column":86}},"32":{"start":{"line":55,"column":11},"end":{"line":59,"column":5}},"33":{"start":{"line":56,"column":6},"end":{"line":56,"column":86}},"34":{"start":{"line":57,"column":11},"end":{"line":59,"column":5}},"35":{"start":{"line":58,"column":6},"end":{"line":58,"column":86}},"36":{"start":{"line":60,"column":4},"end":{"line":76,"column":9}},"37":{"start":{"line":61,"column":26},"end":{"line":61,"column":41}},"38":{"start":{"line":63,"column":8},"end":{"line":72,"column":9}},"39":{"start":{"line":64,"column":10},"end":{"line":64,"column":56}},"40":{"start":{"line":66,"column":10},"end":{"line":69,"column":11}},"41":{"start":{"line":67,"column":28},"end":{"line":67,"column":50}},"42":{"start":{"line":68,"column":12},"end":{"line":68,"column":47}},"43":{"start":{"line":71,"column":10},"end":{"line":71,"column":82}},"44":{"start":{"line":75,"column":8},"end":{"line":75,"column":39}},"45":{"start":{"line":78,"column":20},"end":{"line":92,"column":3}},"46":{"start":{"line":80,"column":4},"end":{"line":80,"column":27}},"47":{"start":{"line":82,"column":4},"end":{"line":85,"column":5}},"48":{"start":{"line":83,"column":6},"end":{"line":83,"column":67}},"49":{"start":{"line":84,"column":6},"end":{"line":84,"column":13}},"50":{"start":{"line":86,"column":4},"end":{"line":90,"column":5}},"51":{"start":{"line":87,"column":6},"end":{"line":87,"column":19}},"52":{"start":{"line":88,"column":11},"end":{"line":90,"column":5}},"53":{"start":{"line":89,"column":6},"end":{"line":89,"column":20}},"54":{"start":{"line":94,"column":2},"end":{"line":130,"column":4}}},"fnMap":{"0":{"name":"Searchbar","decl":{"start":{"line":5,"column":24},"end":{"line":5,"column":33}},"loc":{"start":{"line":5,"column":36},"end":{"line":131,"column":1}},"line":5},"1":{"name":"(anonymous_1)","decl":{"start":{"line":13,"column":28},"end":{"line":13,"column":29}},"loc":{"start":{"line":13,"column":44},"end":{"line":16,"column":3}},"line":13},"2":{"name":"(anonymous_2)","decl":{"start":{"line":18,"column":28},"end":{"line":18,"column":29}},"loc":{"start":{"line":18,"column":44},"end":{"line":20,"column":3}},"line":18},"3":{"name":"(anonymous_3)","decl":{"start":{"line":23,"column":21},"end":{"line":23,"column":22}},"loc":{"start":{"line":23,"column":27},"end":{"line":49,"column":3}},"line":23},"4":{"name":"(anonymous_4)","decl":{"start":{"line":33,"column":12},"end":{"line":33,"column":13}},"loc":{"start":{"line":33,"column":26},"end":{"line":33,"column":41}},"line":33},"5":{"name":"(anonymous_5)","decl":{"start":{"line":34,"column":12},"end":{"line":34,"column":13}},"loc":{"start":{"line":34,"column":22},"end":{"line":45,"column":7}},"line":34},"6":{"name":"(anonymous_6)","decl":{"start":{"line":46,"column":13},"end":{"line":46,"column":14}},"loc":{"start":{"line":46,"column":24},"end":{"line":48,"column":7}},"line":46},"7":{"name":"(anonymous_7)","decl":{"start":{"line":51,"column":22},"end":{"line":51,"column":23}},"loc":{"start":{"line":51,"column":28},"end":{"line":77,"column":3}},"line":51},"8":{"name":"(anonymous_8)","decl":{"start":{"line":61,"column":12},"end":{"line":61,"column":13}},"loc":{"start":{"line":61,"column":26},"end":{"line":61,"column":41}},"line":61},"9":{"name":"(anonymous_9)","decl":{"start":{"line":62,"column":12},"end":{"line":62,"column":13}},"loc":{"start":{"line":62,"column":22},"end":{"line":73,"column":7}},"line":62},"10":{"name":"(anonymous_10)","decl":{"start":{"line":74,"column":13},"end":{"line":74,"column":14}},"loc":{"start":{"line":74,"column":24},"end":{"line":76,"column":7}},"line":74},"11":{"name":"(anonymous_11)","decl":{"start":{"line":78,"column":20},"end":{"line":78,"column":21}},"loc":{"start":{"line":78,"column":26},"end":{"line":92,"column":3}},"line":78}},"branchMap":{"0":{"loc":{"start":{"line":25,"column":4},"end":{"line":31,"column":5}},"type":"if","locations":[{"start":{"line":25,"column":4},"end":{"line":31,"column":5}},{"start":{"line":27,"column":11},"end":{"line":31,"column":5}}],"line":25},"1":{"loc":{"start":{"line":27,"column":11},"end":{"line":31,"column":5}},"type":"if","locations":[{"start":{"line":27,"column":11},"end":{"line":31,"column":5}},{"start":{"line":29,"column":11},"end":{"line":31,"column":5}}],"line":27},"2":{"loc":{"start":{"line":29,"column":11},"end":{"line":31,"column":5}},"type":"if","locations":[{"start":{"line":29,"column":11},"end":{"line":31,"column":5}},{"start":{},"end":{}}],"line":29},"3":{"loc":{"start":{"line":35,"column":8},"end":{"line":44,"column":9}},"type":"if","locations":[{"start":{"line":35,"column":8},"end":{"line":44,"column":9}},{"start":{"line":42,"column":15},"end":{"line":44,"column":9}}],"line":35},"4":{"loc":{"start":{"line":38,"column":10},"end":{"line":41,"column":11}},"type":"if","locations":[{"start":{"line":38,"column":10},"end":{"line":41,"column":11}},{"start":{},"end":{}}],"line":38},"5":{"loc":{"start":{"line":53,"column":4},"end":{"line":59,"column":5}},"type":"if","locations":[{"start":{"line":53,"column":4},"end":{"line":59,"column":5}},{"start":{"line":55,"column":11},"end":{"line":59,"column":5}}],"line":53},"6":{"loc":{"start":{"line":55,"column":11},"end":{"line":59,"column":5}},"type":"if","locations":[{"start":{"line":55,"column":11},"end":{"line":59,"column":5}},{"start":{"line":57,"column":11},"end":{"line":59,"column":5}}],"line":55},"7":{"loc":{"start":{"line":57,"column":11},"end":{"line":59,"column":5}},"type":"if","locations":[{"start":{"line":57,"column":11},"end":{"line":59,"column":5}},{"start":{},"end":{}}],"line":57},"8":{"loc":{"start":{"line":63,"column":8},"end":{"line":72,"column":9}},"type":"if","locations":[{"start":{"line":63,"column":8},"end":{"line":72,"column":9}},{"start":{"line":70,"column":15},"end":{"line":72,"column":9}}],"line":63},"9":{"loc":{"start":{"line":66,"column":10},"end":{"line":69,"column":11}},"type":"if","locations":[{"start":{"line":66,"column":10},"end":{"line":69,"column":11}},{"start":{},"end":{}}],"line":66},"10":{"loc":{"start":{"line":82,"column":4},"end":{"line":85,"column":5}},"type":"if","locations":[{"start":{"line":82,"column":4},"end":{"line":85,"column":5}},{"start":{},"end":{}}],"line":82},"11":{"loc":{"start":{"line":82,"column":8},"end":{"line":82,"column":63}},"type":"binary-expr","locations":[{"start":{"line":82,"column":8},"end":{"line":82,"column":35}},{"start":{"line":82,"column":39},"end":{"line":82,"column":63}}],"line":82},"12":{"loc":{"start":{"line":86,"column":4},"end":{"line":90,"column":5}},"type":"if","locations":[{"start":{"line":86,"column":4},"end":{"line":90,"column":5}},{"start":{"line":88,"column":11},"end":{"line":90,"column":5}}],"line":86},"13":{"loc":{"start":{"line":88,"column":11},"end":{"line":90,"column":5}},"type":"if","locations":[{"start":{"line":88,"column":11},"end":{"line":90,"column":5}},{"start":{},"end":{}}],"line":88}},"s":{"0":31,"1":31,"2":31,"3":31,"4":31,"5":31,"6":6,"7":6,"8":31,"9":16,"10":31,"11":31,"12":1,"13":1,"14":0,"15":1,"16":1,"17":0,"18":0,"19":1,"20":1,"21":1,"22":0,"23":0,"24":0,"25":0,"26":1,"27":0,"28":31,"29":1,"30":1,"31":0,"32":1,"33":1,"34":0,"35":0,"36":1,"37":0,"38":0,"39":0,"40":0,"41":0,"42":0,"43":0,"44":0,"45":31,"46":3,"47":3,"48":1,"49":1,"50":2,"51":1,"52":1,"53":1,"54":31},"f":{"0":31,"1":6,"2":16,"3":1,"4":1,"5":1,"6":0,"7":1,"8":0,"9":0,"10":0,"11":3},"b":{"0":[0,1],"1":[1,0],"2":[0,0],"3":[0,1],"4":[0,0],"5":[0,1],"6":[1,0],"7":[0,0],"8":[0,0],"9":[0,0],"10":[1,2],"11":[3,1],"12":[1,1],"13":[1,0]},"_coverageSchema":"1a1c01bbd47fc00a2c39e90264f33305004495a9","hash":"288f43795d2ec70fb658a04e182bd74ee8bd607a"}
,"/home/thalisson/trybe/projetos/sd-031-b-project-recipes-app/src/context/ContextApp.js": {"path":"/home/thalisson/trybe/projetos/sd-031-b-project-recipes-app/src/context/ContextApp.js","statementMap":{"0":{"start":{"line":3,"column":19},"end":{"line":3,"column":36}}},"fnMap":{},"branchMap":{},"s":{"0":4},"f":{},"b":{},"_coverageSchema":"1a1c01bbd47fc00a2c39e90264f33305004495a9","hash":"b266b35d30577d4a979660e017182059bcf7a9e9"}
,"/home/thalisson/trybe/projetos/sd-031-b-project-recipes-app/src/context/ContextProvider.js": {"path":"/home/thalisson/trybe/projetos/sd-031-b-project-recipes-app/src/context/ContextProvider.js","statementMap":{"0":{"start":{"line":6,"column":28},"end":{"line":6,"column":40}},"1":{"start":{"line":7,"column":30},"end":{"line":7,"column":42}},"2":{"start":{"line":8,"column":34},"end":{"line":8,"column":46}},"3":{"start":{"line":9,"column":36},"end":{"line":9,"column":48}},"4":{"start":{"line":10,"column":46},"end":{"line":10,"column":58}},"5":{"start":{"line":11,"column":48},"end":{"line":11,"column":60}},"6":{"start":{"line":12,"column":17},"end":{"line":12,"column":19}},"7":{"start":{"line":13,"column":15},"end":{"line":13,"column":16}},"8":{"start":{"line":15,"column":2},"end":{"line":50,"column":9}},"9":{"start":{"line":17,"column":23},"end":{"line":17,"column":91}},"10":{"start":{"line":18,"column":19},"end":{"line":18,"column":40}},"11":{"start":{"line":19,"column":6},"end":{"line":19,"column":30}},"12":{"start":{"line":20,"column":26},"end":{"line":20,"column":53}},"13":{"start":{"line":21,"column":6},"end":{"line":21,"column":28}},"14":{"start":{"line":25,"column":23},"end":{"line":25,"column":95}},"15":{"start":{"line":26,"column":19},"end":{"line":26,"column":40}},"16":{"start":{"line":27,"column":6},"end":{"line":27,"column":32}},"17":{"start":{"line":28,"column":27},"end":{"line":28,"column":55}},"18":{"start":{"line":29,"column":6},"end":{"line":29,"column":30}},"19":{"start":{"line":33,"column":23},"end":{"line":33,"column":93}},"20":{"start":{"line":34,"column":19},"end":{"line":34,"column":40}},"21":{"start":{"line":35,"column":25},"end":{"line":35,"column":50}},"22":{"start":{"line":36,"column":6},"end":{"line":36,"column":36}},"23":{"start":{"line":40,"column":23},"end":{"line":40,"column":97}},"24":{"start":{"line":41,"column":19},"end":{"line":41,"column":40}},"25":{"start":{"line":42,"column":25},"end":{"line":42,"column":51}},"26":{"start":{"line":43,"column":6},"end":{"line":43,"column":37}},"27":{"start":{"line":46,"column":4},"end":{"line":46,"column":25}},"28":{"start":{"line":47,"column":4},"end":{"line":47,"column":26}},"29":{"start":{"line":48,"column":4},"end":{"line":48,"column":22}},"30":{"start":{"line":49,"column":4},"end":{"line":49,"column":23}},"31":{"start":{"line":52,"column":34},"end":{"line":62,"column":48}},"32":{"start":{"line":53,"column":4},"end":{"line":61,"column":5}},"33":{"start":{"line":54,"column":30},"end":{"line":55,"column":60}},"34":{"start":{"line":55,"column":28},"end":{"line":55,"column":59}},"35":{"start":{"line":56,"column":6},"end":{"line":56,"column":32}},"36":{"start":{"line":58,"column":30},"end":{"line":59,"column":60}},"37":{"start":{"line":59,"column":28},"end":{"line":59,"column":59}},"38":{"start":{"line":60,"column":6},"end":{"line":60,"column":33}},"39":{"start":{"line":63,"column":16},"end":{"line":69,"column":80}},"40":{"start":{"line":63,"column":31},"end":{"line":69,"column":3}},"41":{"start":{"line":71,"column":2},"end":{"line":76,"column":4}},"42":{"start":{"line":79,"column":0},"end":{"line":81,"column":2}}},"fnMap":{"0":{"name":"ContextProvider","decl":{"start":{"line":5,"column":9},"end":{"line":5,"column":24}},"loc":{"start":{"line":5,"column":39},"end":{"line":77,"column":1}},"line":5},"1":{"name":"(anonymous_1)","decl":{"start":{"line":15,"column":12},"end":{"line":15,"column":13}},"loc":{"start":{"line":15,"column":18},"end":{"line":50,"column":3}},"line":15},"2":{"name":"loadMealRecipes","decl":{"start":{"line":16,"column":19},"end":{"line":16,"column":34}},"loc":{"start":{"line":16,"column":37},"end":{"line":22,"column":5}},"line":16},"3":{"name":"loadDrinkRecipes","decl":{"start":{"line":24,"column":19},"end":{"line":24,"column":35}},"loc":{"start":{"line":24,"column":38},"end":{"line":30,"column":5}},"line":24},"4":{"name":"loadMealCategories","decl":{"start":{"line":32,"column":19},"end":{"line":32,"column":37}},"loc":{"start":{"line":32,"column":40},"end":{"line":37,"column":5}},"line":32},"5":{"name":"loadDrinkCategories","decl":{"start":{"line":39,"column":19},"end":{"line":39,"column":38}},"loc":{"start":{"line":39,"column":41},"end":{"line":44,"column":5}},"line":39},"6":{"name":"(anonymous_6)","decl":{"start":{"line":52,"column":46},"end":{"line":52,"column":47}},"loc":{"start":{"line":52,"column":66},"end":{"line":62,"column":3}},"line":52},"7":{"name":"(anonymous_7)","decl":{"start":{"line":55,"column":16},"end":{"line":55,"column":17}},"loc":{"start":{"line":55,"column":28},"end":{"line":55,"column":59}},"line":55},"8":{"name":"(anonymous_8)","decl":{"start":{"line":59,"column":16},"end":{"line":59,"column":17}},"loc":{"start":{"line":59,"column":28},"end":{"line":59,"column":59}},"line":59},"9":{"name":"(anonymous_9)","decl":{"start":{"line":63,"column":24},"end":{"line":63,"column":25}},"loc":{"start":{"line":63,"column":31},"end":{"line":69,"column":3}},"line":63}},"branchMap":{"0":{"loc":{"start":{"line":53,"column":4},"end":{"line":61,"column":5}},"type":"if","locations":[{"start":{"line":53,"column":4},"end":{"line":61,"column":5}},{"start":{"line":57,"column":11},"end":{"line":61,"column":5}}],"line":53}},"s":{"0":14,"1":14,"2":14,"3":14,"4":14,"5":14,"6":14,"7":14,"8":14,"9":4,"10":0,"11":0,"12":0,"13":0,"14":4,"15":0,"16":0,"17":0,"18":0,"19":4,"20":2,"21":2,"22":2,"23":4,"24":2,"25":2,"26":2,"27":4,"28":4,"29":4,"30":4,"31":14,"32":0,"33":0,"34":0,"35":0,"36":0,"37":0,"38":0,"39":14,"40":14,"41":14,"42":3},"f":{"0":14,"1":4,"2":4,"3":4,"4":4,"5":4,"6":0,"7":0,"8":0,"9":14},"b":{"0":[0,0]},"_coverageSchema":"1a1c01bbd47fc00a2c39e90264f33305004495a9","hash":"c350faeb3556461ffa74bc4a2973d995566a414f"}
}
