TN:
SF:src/App.js
FN:14,App
FNF:1
FNH:1
FNDA:7,App
DA:15,7
LF:1
LH:1
BRF:0
BRH:0
end_of_record
TN:
SF:src/Pages/DoneRecipes.js
FN:4,DoneRecipes
FNF:1
FNH:0
FNDA:0,DoneRecipes
DA:5,0
LF:1
LH:0
BRF:0
BRH:0
end_of_record
TN:
SF:src/Pages/Drinks.js
FN:9,Drinks
FNF:1
FNH:1
FNDA:1,Drinks
DA:10,1
LF:1
LH:1
BRF:0
BRH:0
end_of_record
TN:
SF:src/Pages/FavoriteRecipes.js
FN:4,FavoriteRecipes
FNF:1
FNH:0
FNDA:0,FavoriteRecipes
DA:5,0
LF:1
LH:0
BRF:0
BRH:0
end_of_record
TN:
SF:src/Pages/Login.js
FN:5,Login
FN:9,(anonymous_1)
FN:14,(anonymous_2)
FN:26,(anonymous_3)
FN:33,(anonymous_4)
FNF:5
FNH:0
FNDA:0,Login
FNDA:0,(anonymous_1)
FNDA:0,(anonymous_2)
FNDA:0,(anonymous_3)
FNDA:0,(anonymous_4)
DA:6,0
DA:7,0
DA:8,0
DA:9,0
DA:10,0
DA:13,0
DA:14,0
DA:15,0
DA:16,0
DA:19,0
DA:26,0
DA:33,0
LF:12
LH:0
BRDA:10,0,0,0
BRDA:10,0,1,0
BRF:2
BRH:0
end_of_record
TN:
SF:src/Pages/Meals.js
FN:7,Meals
FNF:1
FNH:1
FNDA:4,Meals
DA:8,4
LF:1
LH:1
BRF:0
BRH:0
end_of_record
TN:
SF:src/Pages/Profile.js
FN:4,Profile
FNF:1
FNH:0
FNDA:0,Profile
DA:5,0
LF:1
LH:0
BRF:0
BRH:0
end_of_record
TN:
SF:src/Pages/index.js
FNF:0
FNH:0
LF:0
LH:0
BRF:0
BRH:0
end_of_record
TN:
SF:src/Services/RequisitionApi.js
FN:1,fetchByIngredient
FN:15,fetchByName
FN:29,fetchByFirstLetter
FNF:3
FNH:0
FNDA:0,fetchByIngredient
FNDA:0,fetchByName
FNDA:0,fetchByFirstLetter
DA:2,0
DA:4,0
DA:5,0
DA:6,0
DA:8,0
DA:10,0
DA:11,0
DA:16,0
DA:18,0
DA:19,0
DA:20,0
DA:22,0
DA:24,0
DA:25,0
DA:30,0
DA:31,0
DA:32,0
DA:35,0
DA:37,0
DA:38,0
DA:39,0
DA:41,0
DA:43,0
DA:44,0
LF:24
LH:0
BRDA:30,0,0,0
BRDA:30,0,1,0
BRF:2
BRH:0
end_of_record
TN:
SF:src/components/Favorite-recipes.js
FN:4,FavoriteRecipes
FNF:1
FNH:0
FNDA:0,FavoriteRecipes
DA:5,0
LF:1
LH:0
BRF:0
BRH:0
end_of_record
TN:
SF:src/components/Footer.js
FN:5,Footer
FNF:1
FNH:1
FNDA:4,Footer
DA:6,4
LF:1
LH:1
BRF:0
BRH:0
end_of_record
TN:
SF:src/components/Header.js
FN:7,Header
FN:13,(anonymous_1)
FN:17,(anonymous_2)
FN:36,(anonymous_3)
FNF:4
FNH:4
FNDA:20,Header
FNDA:2,(anonymous_1)
FNDA:15,(anonymous_2)
FNDA:3,(anonymous_3)
DA:8,20
DA:9,15
DA:11,15
DA:13,15
DA:14,2
DA:17,15
DA:18,15
DA:19,15
DA:20,15
DA:22,4
DA:24,3
DA:26,2
DA:28,1
DA:30,0
DA:32,5
DA:36,15
DA:37,3
DA:40,15
DA:44,15
LF:19
LH:18
BRDA:20,0,0,4
BRDA:20,0,1,3
BRDA:20,0,2,2
BRDA:20,0,3,1
BRDA:20,0,4,0
BRDA:20,0,5,5
BRDA:52,1,0,15
BRDA:52,1,1,12
BRDA:65,2,0,15
BRDA:65,2,1,3
BRF:10
BRH:9
end_of_record
TN:
SF:src/components/RecipeDetails.js
FN:5,RecipeDetails
FN:11,(anonymous_1)
FN:12,(anonymous_2)
FN:20,(anonymous_3)
FN:21,(anonymous_4)
FN:35,(anonymous_5)
FN:36,(anonymous_6)
FN:40,(anonymous_7)
FN:41,(anonymous_8)
FN:43,(anonymous_9)
FN:60,(anonymous_10)
FN:85,(anonymous_11)
FNF:12
FNH:0
FNDA:0,RecipeDetails
FNDA:0,(anonymous_1)
FNDA:0,(anonymous_2)
FNDA:0,(anonymous_3)
FNDA:0,(anonymous_4)
FNDA:0,(anonymous_5)
FNDA:0,(anonymous_6)
FNDA:0,(anonymous_7)
FNDA:0,(anonymous_8)
FNDA:0,(anonymous_9)
FNDA:0,(anonymous_10)
FNDA:0,(anonymous_11)
DA:6,0
DA:7,0
DA:8,0
DA:10,0
DA:11,0
DA:12,0
DA:14,0
DA:15,0
DA:17,0
DA:19,0
DA:20,0
DA:22,0
DA:25,0
DA:27,0
DA:32,0
DA:33,0
DA:34,0
DA:35,0
DA:36,0
DA:38,0
DA:39,0
DA:40,0
DA:41,0
DA:43,0
DA:44,0
DA:46,0
DA:61,0
DA:86,0
LF:28
LH:0
BRDA:14,0,0,0
BRDA:14,0,1,0
BRDA:27,1,0,0
BRDA:27,1,1,0
BRDA:32,2,0,0
BRDA:32,2,1,0
BRDA:49,3,0,0
BRDA:49,3,1,0
BRF:8
BRH:0
end_of_record
TN:
SF:src/components/RecipeInProgress.js
FN:3,RecipeInProgress
FNF:1
FNH:0
FNDA:0,RecipeInProgress
DA:4,0
LF:1
LH:0
BRF:0
BRH:0
end_of_record
TN:
SF:src/components/Recipes.js
FN:5,Recipe
FN:17,(anonymous_1)
FN:24,(anonymous_2)
FN:31,(anonymous_3)
FN:39,(anonymous_4)
FN:40,(anonymous_5)
FNF:6
FNH:2
FNDA:6,Recipe
FNDA:0,(anonymous_1)
FNDA:10,(anonymous_2)
FNDA:0,(anonymous_3)
FNDA:0,(anonymous_4)
FNDA:0,(anonymous_5)
DA:12,6
DA:13,6
DA:14,6
DA:15,6
DA:17,6
DA:18,0
DA:19,0
DA:22,6
DA:25,10
DA:27,10
DA:31,0
DA:39,0
DA:41,0
DA:44,0
DA:45,0
DA:46,0
DA:49,0
DA:66,3
LF:18
LH:9
BRDA:14,0,0,5
BRDA:14,0,1,1
BRDA:15,1,0,5
BRDA:15,1,1,1
BRDA:39,2,0,0
BRDA:39,2,1,0
BRDA:41,3,0,0
BRDA:41,3,1,0
BRDA:44,4,0,0
BRDA:44,4,1,0
BRDA:45,5,0,0
BRDA:45,5,1,0
BRDA:46,6,0,0
BRDA:46,6,1,0
BRF:14
BRH:4
end_of_record
TN:
SF:src/components/Recommended.js
FN:6,Recommended
FN:11,(anonymous_1)
FN:12,(anonymous_2)
FN:20,(anonymous_3)
FN:21,(anonymous_4)
FN:36,(anonymous_5)
FN:47,(anonymous_6)
FNF:7
FNH:0
FNDA:0,Recommended
FNDA:0,(anonymous_1)
FNDA:0,(anonymous_2)
FNDA:0,(anonymous_3)
FNDA:0,(anonymous_4)
FNDA:0,(anonymous_5)
FNDA:0,(anonymous_6)
DA:7,0
DA:8,0
DA:9,0
DA:11,0
DA:12,0
DA:14,0
DA:15,0
DA:17,0
DA:19,0
DA:20,0
DA:22,0
DA:26,0
DA:29,0
DA:31,0
DA:37,0
DA:48,0
LF:16
LH:0
BRDA:14,0,0,0
BRDA:14,0,1,0
BRDA:29,1,0,0
BRDA:29,1,1,0
BRDA:34,2,0,0
BRDA:34,2,1,0
BRF:6
BRH:0
end_of_record
TN:
SF:src/components/SearchBar.js
FN:5,Searchbar
FN:13,(anonymous_1)
FN:18,(anonymous_2)
FN:23,(anonymous_3)
FN:33,(anonymous_4)
FN:34,(anonymous_5)
FN:46,(anonymous_6)
FN:51,(anonymous_7)
FN:61,(anonymous_8)
FN:62,(anonymous_9)
FN:74,(anonymous_10)
FN:78,(anonymous_11)
FNF:12
FNH:8
FNDA:31,Searchbar
FNDA:6,(anonymous_1)
FNDA:16,(anonymous_2)
FNDA:1,(anonymous_3)
FNDA:1,(anonymous_4)
FNDA:1,(anonymous_5)
FNDA:0,(anonymous_6)
FNDA:1,(anonymous_7)
FNDA:0,(anonymous_8)
FNDA:0,(anonymous_9)
FNDA:0,(anonymous_10)
FNDA:3,(anonymous_11)
DA:6,31
DA:7,31
DA:8,31
DA:9,31
DA:10,31
DA:13,31
DA:14,6
DA:15,6
DA:18,31
DA:19,16
DA:22,31
DA:23,31
DA:24,1
DA:25,1
DA:26,0
DA:27,1
DA:28,1
DA:29,0
DA:30,0
DA:32,1
DA:33,1
DA:35,1
DA:36,0
DA:38,0
DA:39,0
DA:40,0
DA:43,1
DA:47,0
DA:51,31
DA:52,1
DA:53,1
DA:54,0
DA:55,1
DA:56,1
DA:57,0
DA:58,0
DA:60,1
DA:61,0
DA:63,0
DA:64,0
DA:66,0
DA:67,0
DA:68,0
DA:71,0
DA:75,0
DA:78,31
DA:80,3
DA:82,3
DA:83,1
DA:84,1
DA:86,2
DA:87,1
DA:88,1
DA:89,1
DA:94,31
LF:55
LH:36
BRDA:25,0,0,0
BRDA:25,0,1,1
BRDA:27,1,0,1
BRDA:27,1,1,0
BRDA:29,2,0,0
BRDA:29,2,1,0
BRDA:35,3,0,0
BRDA:35,3,1,1
BRDA:38,4,0,0
BRDA:38,4,1,0
BRDA:53,5,0,0
BRDA:53,5,1,1
BRDA:55,6,0,1
BRDA:55,6,1,0
BRDA:57,7,0,0
BRDA:57,7,1,0
BRDA:63,8,0,0
BRDA:63,8,1,0
BRDA:66,9,0,0
BRDA:66,9,1,0
BRDA:82,10,0,1
BRDA:82,10,1,2
BRDA:82,11,0,3
BRDA:82,11,1,1
BRDA:86,12,0,1
BRDA:86,12,1,1
BRDA:88,13,0,1
BRDA:88,13,1,0
BRF:28
BRH:12
end_of_record
TN:
SF:src/context/ContextApp.js
FNF:0
FNH:0
DA:3,4
LF:1
LH:1
BRF:0
BRH:0
end_of_record
TN:
SF:src/context/ContextProvider.js
FN:5,ContextProvider
FN:15,(anonymous_1)
FN:16,loadMealRecipes
FN:24,loadDrinkRecipes
FN:32,loadMealCategories
FN:39,loadDrinkCategories
FN:52,(anonymous_6)
FN:55,(anonymous_7)
FN:59,(anonymous_8)
FN:63,(anonymous_9)
FNF:10
FNH:7
FNDA:14,ContextProvider
FNDA:4,(anonymous_1)
FNDA:4,loadMealRecipes
FNDA:4,loadDrinkRecipes
FNDA:4,loadMealCategories
FNDA:4,loadDrinkCategories
FNDA:0,(anonymous_6)
FNDA:0,(anonymous_7)
FNDA:0,(anonymous_8)
FNDA:14,(anonymous_9)
DA:6,14
DA:7,14
DA:8,14
DA:9,14
DA:10,14
DA:11,14
DA:12,14
DA:13,14
DA:15,14
DA:17,4
DA:18,0
DA:19,0
DA:20,0
DA:21,0
DA:25,4
DA:26,0
DA:27,0
DA:28,0
DA:29,0
DA:33,4
DA:34,2
DA:35,2
DA:36,2
DA:40,4
DA:41,2
DA:42,2
DA:43,2
DA:46,4
DA:47,4
DA:48,4
DA:49,4
DA:52,14
DA:53,0
DA:54,0
DA:55,0
DA:56,0
DA:58,0
DA:59,0
DA:60,0
DA:63,14
DA:71,14
DA:79,3
LF:42
LH:27
BRDA:53,0,0,0
BRDA:53,0,1,0
BRF:2
BRH:0
end_of_record
